<?xml version="1.0" encoding="UTF-8"?>
<testng-results ignored="0" total="1" passed="1" failed="0" skipped="0">
  <reporter-output>
  </reporter-output>
  <suite started-at="2021-11-25T11:19:30 EST" name="Default suite" finished-at="2021-11-25T11:20:02 EST" duration-ms="31724">
    <groups>
      <group name="cucumber">
        <method signature="AbstractTestNGCucumberTests.runScenario(io.cucumber.testng.PickleWrapper,io.cucumber.testng.FeatureWrapper)[pri:0, instance:TestRunner.RunTest@383bfa16]" name="runScenario" class="io.cucumber.testng.AbstractTestNGCucumberTests"/>
      </group> <!-- cucumber -->
    </groups>
    <test started-at="2021-11-25T11:19:30 EST" name="Default test" finished-at="2021-11-25T11:20:02 EST" duration-ms="31724">
      <class name="TestRunner.RunTest">
        <test-method is-config="true" signature="setUpClass(org.testng.ITestContext)[pri:0, instance:TestRunner.RunTest@383bfa16]" started-at="2021-11-25T11:19:30 EST" name="setUpClass" finished-at="2021-11-25T11:19:31 EST" duration-ms="878" status="PASS">
          <params>
            <param index="0">
              <value>
                <![CDATA[org.testng.TestRunner@7c1e32c9]]>
              </value>
            </param>
          </params>
          <reporter-output>
          </reporter-output>
        </test-method> <!-- setUpClass -->
        <test-method signature="runScenario(io.cucumber.testng.PickleWrapper,io.cucumber.testng.FeatureWrapper)[pri:0, instance:TestRunner.RunTest@383bfa16]" started-at="2021-11-25T11:19:31 EST" name="runScenario" description="Runs Cucumber Scenarios" data-provider="scenarios" finished-at="2021-11-25T11:20:01 EST" duration-ms="30022" status="PASS">
          <params>
            <param index="0">
              <value>
                <![CDATA["Verify children book page"]]>
              </value>
            </param>
            <param index="1">
              <value>
                <![CDATA["Optional[Children book]"]]>
              </value>
            </param>
          </params>
          <reporter-output>
          </reporter-output>
        </test-method> <!-- runScenario -->
        <test-method is-config="true" signature="tearDownClass()[pri:0, instance:TestRunner.RunTest@383bfa16]" started-at="2021-11-25T11:20:01 EST" name="tearDownClass" finished-at="2021-11-25T11:20:02 EST" duration-ms="631" status="PASS">
          <reporter-output>
          </reporter-output>
        </test-method> <!-- tearDownClass -->
      </class> <!-- TestRunner.RunTest -->
    </test> <!-- Default test -->
  </suite> <!-- Default suite -->
</testng-results>
